2023-11-05 21:03:42,274 [INFO] Activator:178 - 


2023-11-05 21:03:42,274 [INFO] Activator:179 - !SESSION log4j initialized
2023-11-05 21:03:55,800 [INFO] ApplicationProperties:181 - Using Application install path: C:\ST\STM32CubeIDE_1.4.0\STM32CubeIDE\plugins\com.st.stm32cube.common.mx_6.0.0.202007160824
2023-11-05 21:03:55,814 [INFO] DbMcusXml:70 - Set database path to: C:\ST\STM32CubeIDE_1.4.0\STM32CubeIDE\plugins\com.st.stm32cube.common.mx_6.0.0.202007160824\\db\/mcu/
2023-11-05 21:03:55,816 [INFO] DbBoardsPdsc:56 - Set plugin database path to: C:\ST\STM32CubeIDE_1.4.0\STM32CubeIDE\plugins\com.st.stm32cube.common.mx_6.0.0.202007160824\\db\/plugins/boardmanager/
2023-11-05 21:03:55,816 [INFO] DbMcus:258 - Set plugin images path to: C:\ST\STM32CubeIDE_1.4.0\STM32CubeIDE\plugins\com.st.stm32cube.common.mx_6.0.0.202007160824\\db\/plugins/mcufinder/images/
2023-11-05 21:03:55,816 [INFO] DbBoards:264 - Set plugin images path to: C:\ST\STM32CubeIDE_1.4.0\STM32CubeIDE\plugins\com.st.stm32cube.common.mx_6.0.0.202007160824\\db\/plugins/mcufinder/images/
2023-11-05 21:03:55,821 [INFO] DbExamples:326 - Set plugin images path to: C:\ST\STM32CubeIDE_1.4.0\STM32CubeIDE\plugins\com.st.stm32cube.common.mx_6.0.0.202007160824\\db\/plugins/mcufinder/images/
2023-11-05 21:03:55,830 [INFO] DbMcusDocs:112 - Set database path to: C:\Users\vip\.stmcufinder\plugins\mcufinder//mcu/
2023-11-05 21:03:55,831 [INFO] DbMcusJson:63 - Set database path to: C:\Users\vip\.stmcufinder\plugins\mcufinder//mcu/
2023-11-05 21:03:55,831 [INFO] DbBoardsDocs:112 - Set database path to: C:\Users\vip\.stmcufinder\plugins\mcufinder//mcu/
2023-11-05 21:03:55,831 [INFO] DbBoardsJson:56 - Set database path to: C:\Users\vip\.stmcufinder\plugins\mcufinder//mcu/
2023-11-05 21:03:55,865 [INFO] CrossReferenceDbSqlite:196 - Set database path to: C:\Users\vip\.stmcufinder\plugins\mcufinder//mcu/cs/
2023-11-05 21:03:55,880 [INFO] DbExamplesSqlite:800 - Set database path to: C:\Users\vip\.stmcufinder\plugins\mcufinder//mcu/
2023-11-05 21:03:55,996 [INFO] RulesReader:52 - Compatibility file has been processed (209 Rules)
2023-11-05 21:03:56,096 [INFO] MicroXplorer:564 - Detected Java Version = 1.8.0_252
2023-11-05 21:03:56,096 [INFO] DbMcusXml:70 - Set database path to: C:\ST\STM32CubeIDE_1.4.0\STM32CubeIDE\plugins\com.st.stm32cube.common.mx_6.0.0.202007160824\\db\/mcu/
2023-11-05 21:03:56,096 [INFO] DbBoardsPdsc:56 - Set plugin database path to: C:\ST\STM32CubeIDE_1.4.0\STM32CubeIDE\plugins\com.st.stm32cube.common.mx_6.0.0.202007160824\\db\/plugins/boardmanager/
2023-11-05 21:03:56,096 [INFO] DbMcus:258 - Set plugin images path to: C:\ST\STM32CubeIDE_1.4.0\STM32CubeIDE\plugins\com.st.stm32cube.common.mx_6.0.0.202007160824\\db\/plugins/mcufinder/images/
2023-11-05 21:03:56,096 [INFO] DbBoards:264 - Set plugin images path to: C:\ST\STM32CubeIDE_1.4.0\STM32CubeIDE\plugins\com.st.stm32cube.common.mx_6.0.0.202007160824\\db\/plugins/mcufinder/images/
2023-11-05 21:03:56,096 [INFO] DbExamples:326 - Set plugin images path to: C:\ST\STM32CubeIDE_1.4.0\STM32CubeIDE\plugins\com.st.stm32cube.common.mx_6.0.0.202007160824\\db\/plugins/mcufinder/images/
2023-11-05 21:03:56,096 [WARN] DbFile:36 - Overriding database path with different value: C:\Users\vip\.stmcufinder\plugins\mcufinder/ => C:\Users\vip\.stmcufinder\plugins\mcufinder
2023-11-05 21:03:56,096 [INFO] DbMcusDocs:112 - Set database path to: C:\Users\vip\.stmcufinder\plugins\mcufinder//mcu/
2023-11-05 21:03:56,096 [WARN] DbFile:36 - Overriding database path with different value: C:\Users\vip\.stmcufinder\plugins\mcufinder/ => C:\Users\vip\.stmcufinder\plugins\mcufinder
2023-11-05 21:03:56,096 [INFO] DbMcusJson:63 - Set database path to: C:\Users\vip\.stmcufinder\plugins\mcufinder//mcu/
2023-11-05 21:03:56,096 [WARN] DbFile:36 - Overriding database path with different value: C:\Users\vip\.stmcufinder\plugins\mcufinder/ => C:\Users\vip\.stmcufinder\plugins\mcufinder
2023-11-05 21:03:56,096 [INFO] DbBoardsDocs:112 - Set database path to: C:\Users\vip\.stmcufinder\plugins\mcufinder//mcu/
2023-11-05 21:03:56,096 [WARN] DbFile:36 - Overriding database path with different value: C:\Users\vip\.stmcufinder\plugins\mcufinder/ => C:\Users\vip\.stmcufinder\plugins\mcufinder
2023-11-05 21:03:56,096 [INFO] DbBoardsJson:56 - Set database path to: C:\Users\vip\.stmcufinder\plugins\mcufinder//mcu/
2023-11-05 21:03:56,096 [WARN] DbFile:36 - Overriding database path with different value: C:\Users\vip\.stmcufinder\plugins\mcufinder/ => C:\Users\vip\.stmcufinder\plugins\mcufinder
2023-11-05 21:03:56,096 [WARN] DbFile:36 - Overriding database path with different value: C:\Users\vip\.stmcufinder\plugins\mcufinder/ => C:\Users\vip\.stmcufinder\plugins\mcufinder
2023-11-05 21:03:56,101 [INFO] CrossReferenceDbSqlite:196 - Set database path to: C:\Users\vip\.stmcufinder\plugins\mcufinder//mcu/cs/
2023-11-05 21:03:56,101 [WARN] DbFile:36 - Overriding database path with different value: C:\Users\vip\.stmcufinder\plugins\mcufinder/ => C:\Users\vip\.stmcufinder\plugins\mcufinder
2023-11-05 21:03:56,101 [INFO] DbExamplesSqlite:800 - Set database path to: C:\Users\vip\.stmcufinder\plugins\mcufinder//mcu/
2023-11-05 21:03:56,175 [INFO] MainPanel:189 - HeapMemory: 268435456
2023-11-05 21:03:56,261 [INFO] DbMcusXml:70 - Set database path to: C:\ST\STM32CubeIDE_1.4.0\STM32CubeIDE\plugins\com.st.stm32cube.common.mx_6.0.0.202007160824\\db\/mcu/
2023-11-05 21:03:56,261 [INFO] DbBoardsPdsc:56 - Set plugin database path to: C:\ST\STM32CubeIDE_1.4.0\STM32CubeIDE\plugins\com.st.stm32cube.common.mx_6.0.0.202007160824\\db\/plugins/boardmanager/
2023-11-05 21:03:56,261 [INFO] DbMcus:258 - Set plugin images path to: C:\ST\STM32CubeIDE_1.4.0\STM32CubeIDE\plugins\com.st.stm32cube.common.mx_6.0.0.202007160824\\db\/plugins/mcufinder/images/
2023-11-05 21:03:56,261 [INFO] DbBoards:264 - Set plugin images path to: C:\ST\STM32CubeIDE_1.4.0\STM32CubeIDE\plugins\com.st.stm32cube.common.mx_6.0.0.202007160824\\db\/plugins/mcufinder/images/
2023-11-05 21:03:56,261 [INFO] DbExamples:326 - Set plugin images path to: C:\ST\STM32CubeIDE_1.4.0\STM32CubeIDE\plugins\com.st.stm32cube.common.mx_6.0.0.202007160824\\db\/plugins/mcufinder/images/
2023-11-05 21:03:56,261 [WARN] DbFile:36 - Overriding database path with different value: C:\Users\vip\.stmcufinder\plugins\mcufinder/ => C:\Users\vip\.stmcufinder\plugins\mcufinder
2023-11-05 21:03:56,261 [INFO] DbMcusDocs:112 - Set database path to: C:\Users\vip\.stmcufinder\plugins\mcufinder//mcu/
2023-11-05 21:03:56,261 [WARN] DbFile:36 - Overriding database path with different value: C:\Users\vip\.stmcufinder\plugins\mcufinder/ => C:\Users\vip\.stmcufinder\plugins\mcufinder
2023-11-05 21:03:56,261 [INFO] DbMcusJson:63 - Set database path to: C:\Users\vip\.stmcufinder\plugins\mcufinder//mcu/
2023-11-05 21:03:56,266 [WARN] DbFile:36 - Overriding database path with different value: C:\Users\vip\.stmcufinder\plugins\mcufinder/ => C:\Users\vip\.stmcufinder\plugins\mcufinder
2023-11-05 21:03:56,266 [INFO] DbBoardsDocs:112 - Set database path to: C:\Users\vip\.stmcufinder\plugins\mcufinder//mcu/
2023-11-05 21:03:56,266 [WARN] DbFile:36 - Overriding database path with different value: C:\Users\vip\.stmcufinder\plugins\mcufinder/ => C:\Users\vip\.stmcufinder\plugins\mcufinder
2023-11-05 21:03:56,266 [INFO] DbBoardsJson:56 - Set database path to: C:\Users\vip\.stmcufinder\plugins\mcufinder//mcu/
2023-11-05 21:03:56,266 [WARN] DbFile:36 - Overriding database path with different value: C:\Users\vip\.stmcufinder\plugins\mcufinder/ => C:\Users\vip\.stmcufinder\plugins\mcufinder
2023-11-05 21:03:56,266 [WARN] DbFile:36 - Overriding database path with different value: C:\Users\vip\.stmcufinder\plugins\mcufinder/ => C:\Users\vip\.stmcufinder\plugins\mcufinder
2023-11-05 21:03:56,266 [INFO] CrossReferenceDbSqlite:196 - Set database path to: C:\Users\vip\.stmcufinder\plugins\mcufinder//mcu/cs/
2023-11-05 21:03:56,266 [WARN] DbFile:36 - Overriding database path with different value: C:\Users\vip\.stmcufinder\plugins\mcufinder/ => C:\Users\vip\.stmcufinder\plugins\mcufinder
2023-11-05 21:03:56,266 [INFO] DbExamplesSqlite:800 - Set database path to: C:\Users\vip\.stmcufinder\plugins\mcufinder//mcu/
2023-11-05 21:03:56,286 [INFO] ApplicationProperties:181 - Using Application install path: C:\ST\STM32CubeIDE_1.4.0\STM32CubeIDE\plugins\com.st.stm32cube.common.mx_6.0.0.202007160824
2023-11-05 21:03:56,286 [INFO] PluginManage:178 - Search for loadable plugins [exclusion list=, ]
2023-11-05 21:03:56,286 [INFO] PluginManage:292 - Check plugin analytics
2023-11-05 21:03:56,448 [INFO] AnalyticsPlugin:203 - Accepted Software Licenses: 
2023-11-05 21:03:56,448 [INFO] AnalyticsPlugin:205 - Accepted CMSIS Pack Licenses: 
2023-11-05 21:03:56,448 [INFO] AnalyticsPlugin:207 - Accepted Firmware Licenses: 
2023-11-05 21:03:56,448 [INFO] PluginManage:342 - Loaded plugin analytics (category:tool,tabindex:-1)
2023-11-05 21:03:56,448 [INFO] PluginManage:292 - Check plugin clock
2023-11-05 21:03:56,473 [INFO] PluginManage:342 - Loaded plugin clock (category:base,tabindex:2)
2023-11-05 21:03:56,473 [INFO] PluginManage:292 - Check plugin ddr
2023-11-05 21:03:56,478 [INFO] PluginManage:342 - Loaded plugin ddr (category:tool,tabindex:6)
2023-11-05 21:03:56,478 [INFO] PluginManage:292 - Check plugin filemanager
2023-11-05 21:03:56,590 [INFO] PluginManage:342 - Loaded plugin filemanager (category:base,tabindex:10)
2023-11-05 21:03:56,590 [INFO] PluginManage:292 - Check plugin ipmanager
2023-11-05 21:03:56,632 [INFO] PluginManage:342 - Loaded plugin ipmanager (category:base,tabindex:5)
2023-11-05 21:03:56,632 [INFO] PluginManage:292 - Check plugin pinoutandconfiguration
2023-11-05 21:03:56,652 [INFO] PluginManage:342 - Loaded plugin pinoutandconfiguration (category:base,tabindex:1)
2023-11-05 21:03:56,652 [INFO] PluginManage:292 - Check plugin pinoutconfig
2023-11-05 21:03:56,688 [INFO] PluginManage:342 - Loaded plugin pinoutconfig (category:base,tabindex:0)
2023-11-05 21:03:56,688 [INFO] PluginManage:292 - Check plugin power
2023-11-05 21:03:56,706 [INFO] PluginManage:342 - Loaded plugin power (category:power,tabindex:4)
2023-11-05 21:03:56,706 [INFO] PluginManage:292 - Check plugin projectmanager
2023-11-05 21:03:56,716 [INFO] PluginManage:342 - Loaded plugin projectmanager (category:projectmanager,tabindex:3)
2023-11-05 21:03:56,721 [INFO] PluginManage:292 - Check plugin thirdparty
2023-11-05 21:03:56,862 [INFO] ThirdPartyDb:333 - Open Third Party DataBase File (C:/Users/vip/.stm32cubemx/plugins/thirdparty/db/thirdparties_db.xml) : 60 ms. number of Sw pack : 43
2023-11-05 21:03:56,867 [INFO] PluginManage:342 - Loaded plugin thirdparty (category:base,tabindex:-1)
2023-11-05 21:03:56,867 [INFO] PluginManage:292 - Check plugin tools
2023-11-05 21:03:56,927 [INFO] PluginManage:342 - Loaded plugin tools (category:base,tabindex:7)
2023-11-05 21:03:56,927 [INFO] PluginManage:292 - Check plugin tutovideos
2023-11-05 21:03:57,154 [INFO] PluginManage:342 - Loaded plugin tutovideos (category:base,tabindex:-1)
2023-11-05 21:03:57,154 [INFO] PluginManage:292 - Check plugin updater
2023-11-05 21:03:57,169 [INFO] PluginManage:342 - Loaded plugin updater (category:base,tabindex:12)
2023-11-05 21:03:57,169 [INFO] PluginManage:265 - PluginManage : Loaded plugins [13]
2023-11-05 21:03:57,348 [INFO] PinOutPanel:1418 - setPackage(No Configuration,No Configuration)
2023-11-05 21:03:57,450 [INFO] IPUIPlugin:64 - create IPUIPlugin
2023-11-05 21:03:57,450 [INFO] PluginManager:200 - loadIPPluginJar : add adc
2023-11-05 21:03:57,489 [INFO] IPUIPlugin:64 - create IPUIPlugin
2023-11-05 21:03:57,489 [INFO] PluginManager:200 - loadIPPluginJar : add aes
2023-11-05 21:03:57,529 [INFO] IPUIPlugin:64 - create IPUIPlugin
2023-11-05 21:03:57,529 [INFO] PluginManager:200 - loadIPPluginJar : add can
2023-11-05 21:03:57,554 [INFO] IPUIPlugin:64 - create IPUIPlugin
2023-11-05 21:03:57,559 [INFO] PluginManager:200 - loadIPPluginJar : add comp
2023-11-05 21:03:57,589 [INFO] IPUIPlugin:64 - create IPUIPlugin
2023-11-05 21:03:57,589 [INFO] PluginManager:200 - loadIPPluginJar : add cryp
2023-11-05 21:03:57,619 [INFO] IPUIPlugin:64 - create IPUIPlugin
2023-11-05 21:03:57,619 [INFO] PluginManager:200 - loadIPPluginJar : add dfsdm
2023-11-05 21:03:57,639 [INFO] IPUIPlugin:64 - create IPUIPlugin
2023-11-05 21:03:57,639 [INFO] PluginManager:200 - loadIPPluginJar : add dma
2023-11-05 21:03:57,664 [INFO] IPUIPlugin:64 - create IPUIPlugin
2023-11-05 21:03:57,664 [INFO] PluginManager:200 - loadIPPluginJar : add fatfs
2023-11-05 21:03:57,714 [INFO] IPUIPlugin:64 - create IPUIPlugin
2023-11-05 21:03:57,714 [INFO] PluginManager:200 - loadIPPluginJar : add fmc
2023-11-05 21:03:57,726 [INFO] IPUIPlugin:64 - create IPUIPlugin
2023-11-05 21:03:57,726 [INFO] PluginManager:200 - loadIPPluginJar : add freertos
2023-11-05 21:03:57,752 [INFO] IPUIPlugin:64 - create IPUIPlugin
2023-11-05 21:03:57,752 [INFO] PluginManager:200 - loadIPPluginJar : add genericplugin
2023-11-05 21:03:57,832 [INFO] IPUIPlugin:64 - create IPUIPlugin
2023-11-05 21:03:57,832 [INFO] PluginManager:200 - loadIPPluginJar : add gfxmmu
2023-11-05 21:03:57,962 [INFO] IPUIPlugin:64 - create IPUIPlugin
2023-11-05 21:03:57,962 [INFO] PluginManager:200 - loadIPPluginJar : add gic
2023-11-05 21:03:57,992 [INFO] IPUIPlugin:64 - create IPUIPlugin
2023-11-05 21:03:57,992 [INFO] PluginManager:200 - loadIPPluginJar : add gpio
2023-11-05 21:03:58,058 [INFO] IPUIPlugin:64 - create IPUIPlugin
2023-11-05 21:03:58,058 [INFO] PluginManager:200 - loadIPPluginJar : add gtzc
2023-11-05 21:03:58,088 [INFO] IPUIPlugin:64 - create IPUIPlugin
2023-11-05 21:03:58,088 [INFO] PluginManager:200 - loadIPPluginJar : add hash
2023-11-05 21:03:58,135 [INFO] IPUIPlugin:64 - create IPUIPlugin
2023-11-05 21:03:58,140 [INFO] PluginManager:200 - loadIPPluginJar : add i2c
2023-11-05 21:03:58,180 [INFO] IPUIPlugin:64 - create IPUIPlugin
2023-11-05 21:03:58,180 [INFO] PluginManager:200 - loadIPPluginJar : add i2s
2023-11-05 21:03:58,192 [INFO] IPUIPlugin:64 - create IPUIPlugin
2023-11-05 21:03:58,192 [INFO] PluginManager:200 - loadIPPluginJar : add ipddr
2023-11-05 21:03:58,225 [INFO] IPUIPlugin:64 - create IPUIPlugin
2023-11-05 21:03:58,225 [INFO] PluginManager:200 - loadIPPluginJar : add ltdc
2023-11-05 21:03:58,240 [INFO] IPUIPlugin:64 - create IPUIPlugin
2023-11-05 21:03:58,240 [INFO] PluginManager:200 - loadIPPluginJar : add mdma
2023-11-05 21:03:58,250 [INFO] IPUIPlugin:64 - create IPUIPlugin
2023-11-05 21:03:58,250 [INFO] PluginManager:200 - loadIPPluginJar : add nvic
2023-11-05 21:03:58,285 [INFO] IPUIPlugin:64 - create IPUIPlugin
2023-11-05 21:03:58,285 [INFO] PluginManager:200 - loadIPPluginJar : add opamp
2023-11-05 21:03:58,340 [INFO] IPUIPlugin:64 - create IPUIPlugin
2023-11-05 21:03:58,345 [INFO] PluginManager:200 - loadIPPluginJar : add openamp
2023-11-05 21:03:58,395 [INFO] IPUIPlugin:64 - create IPUIPlugin
2023-11-05 21:03:58,395 [INFO] PluginManager:200 - loadIPPluginJar : add pdm2pcm
2023-11-05 21:03:58,413 [INFO] IPUIPlugin:64 - create IPUIPlugin
2023-11-05 21:03:58,416 [INFO] PluginManager:200 - loadIPPluginJar : add plateformsettings
2023-11-05 21:03:58,442 [INFO] IPUIPlugin:64 - create IPUIPlugin
2023-11-05 21:03:58,442 [INFO] PluginManager:200 - loadIPPluginJar : add quadspi
2023-11-05 21:03:58,452 [INFO] IPUIPlugin:64 - create IPUIPlugin
2023-11-05 21:03:58,452 [INFO] PluginManager:200 - loadIPPluginJar : add resmgrutility
2023-11-05 21:03:58,502 [INFO] IPUIPlugin:64 - create IPUIPlugin
2023-11-05 21:03:58,507 [INFO] PluginManager:200 - loadIPPluginJar : add sai
2023-11-05 21:03:58,543 [INFO] IPUIPlugin:64 - create IPUIPlugin
2023-11-05 21:03:58,543 [INFO] PluginManager:200 - loadIPPluginJar : add spi
2023-11-05 21:03:58,593 [INFO] IPUIPlugin:64 - create IPUIPlugin
2023-11-05 21:03:58,593 [INFO] PluginManager:200 - loadIPPluginJar : add stm32_wpan
2023-11-05 21:03:58,618 [INFO] IPUIPlugin:64 - create IPUIPlugin
2023-11-05 21:03:58,618 [INFO] PluginManager:200 - loadIPPluginJar : add tim
2023-11-05 21:03:58,681 [INFO] IPUIPlugin:64 - create IPUIPlugin
2023-11-05 21:03:58,681 [INFO] PluginManager:200 - loadIPPluginJar : add touchsensing
2023-11-05 21:03:58,706 [INFO] IPUIPlugin:64 - create IPUIPlugin
2023-11-05 21:03:58,706 [INFO] PluginManager:200 - loadIPPluginJar : add tracer_emb
2023-11-05 21:03:58,765 [INFO] IPUIPlugin:64 - create IPUIPlugin
2023-11-05 21:03:58,765 [INFO] PluginManager:200 - loadIPPluginJar : add ts
2023-11-05 21:03:58,844 [INFO] IPUIPlugin:64 - create IPUIPlugin
2023-11-05 21:03:58,849 [INFO] PluginManager:200 - loadIPPluginJar : add tsc
2023-11-05 21:03:58,894 [INFO] IPUIPlugin:64 - create IPUIPlugin
2023-11-05 21:03:58,894 [INFO] PluginManager:200 - loadIPPluginJar : add ucpd
2023-11-05 21:03:58,959 [INFO] IPUIPlugin:64 - create IPUIPlugin
2023-11-05 21:03:58,959 [INFO] PluginManager:200 - loadIPPluginJar : add usart
2023-11-05 21:03:59,757 [INFO] CubeProgrammer:457 - [DDR PANEL] - PathOfProgrammer: null
2023-11-05 21:04:00,601 [FATAL] Updater:282 - Updater called before beeing initialized
2023-11-05 21:04:00,781 [FATAL] Updater:282 - Updater called before beeing initialized
2023-11-05 21:04:00,781 [WARN] ThirdParty:775 - waiting for thirdparty lock release [close project]
2023-11-05 21:04:00,781 [INFO] ThirdParty:777 - entering critical section [close project]
2023-11-05 21:04:00,781 [INFO] ThirdParty:790 - exiting critical section [close project]
2023-11-05 21:04:00,786 [INFO] PinOutPanel:1418 - setPackage(No Configuration,No Configuration)
2023-11-05 21:04:00,786 [FATAL] Updater:282 - Updater called before beeing initialized
2023-11-05 21:04:00,798 [ERROR] Updater:967 - MainUpdater not yet initialized. External WinMGr cannot be set.
2023-11-05 21:04:00,798 [INFO] CubeProgrammer:457 - [DDR PANEL] - PathOfProgrammer: C:\ST\STM32CubeIDE_1.4.0\STM32CubeIDE\plugins\com.st.stm32cube.ide.mcu.externaltools.cubeprogrammer.win32_1.4.0.202007081208\tools\bin
2023-11-05 21:04:00,800 [INFO] ProgrammerExecThread:148 - [ProgrammerAPI] CubeProgrammer command construction: C:\ST\STM32CubeIDE_1.4.0\STM32CubeIDE\plugins\com.st.stm32cube.ide.mcu.externaltools.cubeprogrammer.win32_1.4.0.202007081208\tools\bin\STM32_Programmer_CLI.exe -l
2023-11-05 21:04:01,131 [INFO] MainDdrPanel:49 - [DDR PANEL] SETTER - Set cubeProgrammerPath to: C:\ST\STM32CubeIDE_1.4.0\STM32CubeIDE\plugins\com.st.stm32cube.ide.mcu.externaltools.cubeprogrammer.win32_1.4.0.202007081208\tools\bin
2023-11-05 21:04:01,251 [INFO] Updater:904 - Updater Version found : 6.0.0
2023-11-05 21:04:01,271 [INFO] ApplicationProperties:181 - Using Application install path: C:\ST\STM32CubeIDE_1.4.0\STM32CubeIDE\plugins\com.st.stm32cube.common.mx_6.0.0.202007160824
2023-11-05 21:04:03,021 [INFO] MainUpdater:2268 - connection check result : 10
2023-11-05 21:04:03,021 [INFO] MainUpdater:2935 - Updater definition file requires update
2023-11-05 21:04:03,021 [INFO] MainUpdater:239 - Updater Check For Update Now.
2023-11-05 21:04:03,021 [INFO] MicroXplorer:414 - Change Database Version : DB.6.0.0
2023-11-05 21:04:05,431 [INFO] ServerAccessManage:348 - Download File updaters.zip
2023-11-05 21:04:05,827 [INFO] FileExtend:225 - Unzip File : updaters.zip
2023-11-05 21:04:05,827 [INFO] FileExtend:240 - Standard Zip Deflate
2023-11-05 21:04:05,887 [WARN] IntegrityCheckThread:61 - waiting for thirdparty lock release [integrity check]
2023-11-05 21:04:05,887 [INFO] IntegrityCheckThread:63 - entering critical section [integrity check]
2023-11-05 21:04:05,887 [WARN] MainUpdater:1087 - Updater busy. Cannot search thirdparties
2023-11-05 21:04:06,950 [INFO] ServerAccessManage:348 - Download File PacksControlFlags.xml
2023-11-05 21:04:07,880 [INFO] ServerAccessManage:348 - Download File cubemx.pidx
2023-11-05 21:04:08,891 [WARN] MainUpdater:1087 - Updater busy. Cannot search thirdparties
2023-11-05 21:04:09,562 [INFO] ServerAccessManage:348 - Download File STMicroelectronics.FP-SNS-SMARTAG2.pdsc
2023-11-05 21:04:11,901 [WARN] MainUpdater:1087 - Updater busy. Cannot search thirdparties
2023-11-05 21:04:12,225 [INFO] ServerAccessManage:348 - Download File STMicroelectronics.X-CUBE-BLEMGR.pdsc
2023-11-05 21:04:13,712 [INFO] MainUpdater:2268 - connection check result : 10
2023-11-05 21:04:14,905 [WARN] MainUpdater:1087 - Updater busy. Cannot search thirdparties
2023-11-05 21:04:17,911 [WARN] MainUpdater:1087 - Updater busy. Cannot search thirdparties
2023-11-05 21:04:19,970 [INFO] ServerAccessManage:348 - Download File STMicroelectronics.X-CUBE-EEPRMA1.pdsc
2023-11-05 21:04:20,917 [WARN] MainUpdater:1087 - Updater busy. Cannot search thirdparties
2023-11-05 21:04:21,772 [ERROR] ServerAccessManage:947 - Problem, file not found on Server
2023-11-05 21:04:23,555 [INFO] ServerAccessManage:348 - Download File STMicroelectronics.X-CUBE-MEMS1.pdsc
2023-11-05 21:04:23,922 [WARN] MainUpdater:1087 - Updater busy. Cannot search thirdparties
2023-11-05 21:04:24,649 [INFO] McuFinderGlobals:40 - Set McuFinder mode to 2 (CubeIDE integrated)
2023-11-05 21:04:24,789 [INFO] CrossSelectorPresenter:1330 - Cross Selector saved comparison directory: C:\Users\vip\.stmcufinder\plugins\mcufinder\mcu\cs_comparisons_mx
2023-11-05 21:04:24,794 [INFO] MultiScanPanel:193 - Auto-refresh data requested => check proxy status ongoing
2023-11-05 21:04:24,794 [INFO] FinderPluginLoader:87 - Searching for filters in installed packs
2023-11-05 21:04:24,799 [INFO] DbMcusXml:100 - Load MCU database from C:\ST\STM32CubeIDE_1.4.0\STM32CubeIDE\plugins\com.st.stm32cube.common.mx_6.0.0.202007160824\\db\/mcu/families.xml
2023-11-05 21:04:25,598 [INFO] DbMcusJson:92 - JSON generation date=Thu Jul 02 17:47:47 EET 2020 (1593704867)
2023-11-05 21:04:26,481 [INFO] DbMcus:175 - Found 1761 MCUs (1722 are supported by CubeMX, 1728 are visible in CubeMX)
2023-11-05 21:04:26,488 [INFO] ApiDb:201 - Load user favorites file C:\Users\vip/.stm32cubeide/favorites.mcus.txt: 0 item(s)
2023-11-05 21:04:26,488 [INFO] ApiDb:205 - User favorites MCUs=[]
2023-11-05 21:04:26,488 [INFO] DbMcus:187 - Set 0 / 0 favorites MCUs
2023-11-05 21:04:26,925 [WARN] MainUpdater:1087 - Updater busy. Cannot search thirdparties
2023-11-05 21:04:26,959 [ERROR] WebUtils:355 - Updater is busy
2023-11-05 21:04:26,959 [WARN] DetailPanel:334 - Failed to get advertising image, set to default
2023-11-05 21:04:27,354 [ERROR] WebUtils:615 - Updater is busy
2023-11-05 21:04:27,354 [ERROR] WebUtils:615 - Updater is busy
2023-11-05 21:04:27,354 [ERROR] WebUtils:615 - Updater is busy
2023-11-05 21:04:27,354 [ERROR] WebUtils:615 - Updater is busy
2023-11-05 21:04:27,354 [ERROR] WebUtils:615 - Updater is busy
2023-11-05 21:04:27,374 [ERROR] WebUtils:615 - Updater is busy
2023-11-05 21:04:27,374 [ERROR] WebUtils:615 - Updater is busy
2023-11-05 21:04:27,374 [ERROR] DbUtils:114 - File not found: C:\Users\vip\.stmcufinder\plugins\mcufinder//mcu/mcusDocs.json._tmp_
2023-11-05 21:04:27,374 [WARN] DbUtils:163 - success is not a boolean!
2023-11-05 21:04:27,374 [ERROR] DbMcusDocs:83 - No MCUs documents found !
2023-11-05 21:04:27,374 [ERROR] DbFile:108 - Temporary file not found: C:\Users\vip\.stmcufinder\plugins\mcufinder\mcu\mcusDocs.json._tmp_
2023-11-05 21:04:27,414 [INFO] DbMcusDocs:145 - JSON generation date=Tue Nov 16 18:17:54 EET 2021 (1637079474)
2023-11-05 21:04:27,754 [INFO] DbMcusDocs:81 - Found 578 MCUs documents
2023-11-05 21:04:27,754 [INFO] ApiDb:226 - Save user favorites file C:\Users\vip/.stm32cubeide/favorites.mcus.txt: 0 item(s)
2023-11-05 21:04:27,754 [INFO] ApiDb:230 - User favorites MCUs=[]
2023-11-05 21:04:27,754 [INFO] DbMcusXml:100 - Load MCU database from C:\ST\STM32CubeIDE_1.4.0\STM32CubeIDE\plugins\com.st.stm32cube.common.mx_6.0.0.202007160824\\db\/mcu/families.xml
2023-11-05 21:04:27,916 [ERROR] DbUtils:114 - File not found: C:\Users\vip\.stmcufinder\plugins\mcufinder//mcu/mcusFeaturesAndDescription.json._tmp_
2023-11-05 21:04:27,916 [WARN] DbUtils:163 - success is not a boolean!
2023-11-05 21:04:27,916 [ERROR] DbFile:108 - Temporary file not found: C:\Users\vip\.stmcufinder\plugins\mcufinder\mcu\mcusFeaturesAndDescription.json._tmp_
2023-11-05 21:04:27,921 [INFO] DbMcus:175 - Found 1761 MCUs (1722 are supported by CubeMX, 1722 are visible in CubeMX)
2023-11-05 21:04:27,921 [INFO] ApiDb:201 - Load user favorites file C:\Users\vip/.stm32cubeide/favorites.mcus.txt: 0 item(s)
2023-11-05 21:04:27,921 [INFO] ApiDb:205 - User favorites MCUs=[]
2023-11-05 21:04:27,921 [INFO] DbMcus:187 - Set 0 / 0 favorites MCUs
2023-11-05 21:04:27,976 [INFO] McuFilterPanel:245 - Update 0 favorites MCUs
2023-11-05 21:04:28,310 [ERROR] DbUtils:114 - File not found: C:\Users\vip\.stmcufinder\plugins\mcufinder//mcu/boardsDocs.json._tmp_
2023-11-05 21:04:28,310 [WARN] DbUtils:163 - success is not a boolean!
2023-11-05 21:04:28,310 [ERROR] DbBoardsDocs:83 - No boards documents found !
2023-11-05 21:04:28,310 [ERROR] DbFile:108 - Temporary file not found: C:\Users\vip\.stmcufinder\plugins\mcufinder\mcu\boardsDocs.json._tmp_
2023-11-05 21:04:28,358 [INFO] DbBoardsDocs:145 - JSON generation date=Thu Jul 02 17:47:47 EET 2020 (1593704867)
2023-11-05 21:04:28,383 [INFO] DbBoardsPdsc:94 - Found 23 items
2023-11-05 21:04:28,393 [INFO] DbBoardsPdsc:94 - Found 9 items
2023-11-05 21:04:28,412 [INFO] DbBoardsPdsc:94 - Found 29 items
2023-11-05 21:04:28,427 [INFO] DbBoardsPdsc:94 - Found 1 items
2023-11-05 21:04:28,449 [INFO] DbBoardsPdsc:94 - Found 44 items
2023-11-05 21:04:28,473 [INFO] DbBoardsPdsc:94 - Found 40 items
2023-11-05 21:04:28,485 [INFO] DbBoardsPdsc:94 - Found 2 items
2023-11-05 21:04:28,500 [INFO] DbBoardsPdsc:94 - Found 4 items
2023-11-05 21:04:28,510 [WARN] DbBoardsPdsc:258 - Board STM32H7B3I-DK: unknown feature type=Audio, name=, username=Audio stereo codec with Headphone Amp (CS42L51-CNZ), n=1
2023-11-05 21:04:28,510 [WARN] DbBoardsPdsc:258 - Board STM32H735G-DK: unknown feature type=Audio, name=, username=Audio stereo codec with Headphone Amp (WM8994ECS/R), n=1
2023-11-05 21:04:28,510 [WARN] DbBoardsPdsc:258 - Board STM32H7B3I-EVAL: unknown feature type=Audio, name=, username=Multi-Channel Audio Codec (CS42L51-CNZ), n=1
2023-11-05 21:04:28,510 [WARN] DbBoardsPdsc:258 - Board STM32H7B3I-EVAL: unknown feature type=Meter, name=, username=Power-metering and Temperature-monitoring with sigma-delta modulators, n=1
2023-11-05 21:04:28,510 [WARN] DbBoardsPdsc:258 - Board STM32H7B3I-EVAL: unknown feature type=Motor, name=, username=Motor Control, n=1
2023-11-05 21:04:28,510 [ERROR] DbUtils:114 - File not found: C:\Users\vip\.stmcufinder\plugins\mcufinder//mcu/boards.json._tmp_
2023-11-05 21:04:28,510 [WARN] DbUtils:163 - success is not a boolean!
2023-11-05 21:04:28,515 [ERROR] DbFile:108 - Temporary file not found: C:\Users\vip\.stmcufinder\plugins\mcufinder\mcu\boards.json._tmp_
2023-11-05 21:04:28,515 [INFO] DbBoards:117 - Found 152 boards (149 are supported by CubeMX)
2023-11-05 21:04:28,520 [INFO] DbBoardsDocs:145 - JSON generation date=Thu Jul 02 17:47:47 EET 2020 (1593704867)
2023-11-05 21:04:28,540 [ERROR] DbBoardsDocs:83 - No boards documents found !
2023-11-05 21:04:28,550 [INFO] DbBoardsDocs:145 - JSON generation date=Thu Jul 02 17:47:47 EET 2020 (1593704867)
2023-11-05 21:04:28,570 [ERROR] DbBoardsDocs:83 - No boards documents found !
2023-11-05 21:04:28,570 [WARN] DbBoards:127 - board B-G474E-DPOW1 has no document id list !
2023-11-05 21:04:28,570 [WARN] DbBoards:127 - board B-L072Z-LRWAN1 has no document id list !
2023-11-05 21:04:28,570 [WARN] DbBoards:127 - board B-L462E-CELL1 has no document id list !
2023-11-05 21:04:28,570 [WARN] DbBoards:127 - board B-L475E-IOT01A1 has no document id list !
2023-11-05 21:04:28,570 [WARN] DbBoards:127 - board B-L475E-IOT01A2 has no document id list !
2023-11-05 21:04:28,570 [WARN] DbBoards:127 - board B-L4S5I-IOT01A has no document id list !
2023-11-05 21:04:28,570 [WARN] DbBoards:127 - board NUCLEO-F030R8 has no document id list !
2023-11-05 21:04:28,570 [WARN] DbBoards:127 - board NUCLEO-F031K6 has no document id list !
2023-11-05 21:04:28,570 [WARN] DbBoards:127 - board NUCLEO-F042K6 has no document id list !
2023-11-05 21:04:28,575 [WARN] DbBoards:127 - board NUCLEO-F070RB has no document id list !
2023-11-05 21:04:28,575 [WARN] DbBoards:127 - board NUCLEO-F072RB has no document id list !
2023-11-05 21:04:28,575 [WARN] DbBoards:127 - board NUCLEO-F091RC has no document id list !
2023-11-05 21:04:28,575 [WARN] DbBoards:127 - board NUCLEO-F103RB has no document id list !
2023-11-05 21:04:28,575 [WARN] DbBoards:127 - board NUCLEO-F207ZG has no document id list !
2023-11-05 21:04:28,575 [WARN] DbBoards:127 - board NUCLEO-F302R8 has no document id list !
2023-11-05 21:04:28,575 [WARN] DbBoards:127 - board NUCLEO-F303K8 has no document id list !
2023-11-05 21:04:28,575 [WARN] DbBoards:127 - board NUCLEO-F303RE has no document id list !
2023-11-05 21:04:28,575 [WARN] DbBoards:127 - board NUCLEO-F303ZE has no document id list !
2023-11-05 21:04:28,575 [WARN] DbBoards:127 - board NUCLEO-F334R8 has no document id list !
2023-11-05 21:04:28,575 [WARN] DbBoards:127 - board NUCLEO-F401RE has no document id list !
2023-11-05 21:04:28,575 [WARN] DbBoards:127 - board NUCLEO-F410RB has no document id list !
2023-11-05 21:04:28,575 [WARN] DbBoards:127 - board NUCLEO-F411RE has no document id list !
2023-11-05 21:04:28,575 [WARN] DbBoards:127 - board NUCLEO-F412ZG has no document id list !
2023-11-05 21:04:28,575 [WARN] DbBoards:127 - board NUCLEO-F413ZH has no document id list !
2023-11-05 21:04:28,575 [WARN] DbBoards:127 - board NUCLEO-F429ZI has no document id list !
2023-11-05 21:04:28,575 [WARN] DbBoards:127 - board NUCLEO-F439ZI has no document id list !
2023-11-05 21:04:28,575 [WARN] DbBoards:127 - board NUCLEO-F446RE has no document id list !
2023-11-05 21:04:28,575 [WARN] DbBoards:127 - board NUCLEO-F446ZE has no document id list !
2023-11-05 21:04:28,575 [WARN] DbBoards:127 - board NUCLEO-F722ZE has no document id list !
2023-11-05 21:04:28,575 [WARN] DbBoards:127 - board NUCLEO-F746ZG has no document id list !
2023-11-05 21:04:28,575 [WARN] DbBoards:127 - board NUCLEO-F767ZI has no document id list !
2023-11-05 21:04:28,575 [WARN] DbBoards:127 - board NUCLEO-G031K8 has no document id list !
2023-11-05 21:04:28,575 [WARN] DbBoards:127 - board NUCLEO-G070RB has no document id list !
2023-11-05 21:04:28,575 [WARN] DbBoards:127 - board NUCLEO-G071RB has no document id list !
2023-11-05 21:04:28,575 [WARN] DbBoards:127 - board NUCLEO-G431KB has no document id list !
2023-11-05 21:04:28,575 [WARN] DbBoards:127 - board NUCLEO-G431RB has no document id list !
2023-11-05 21:04:28,575 [WARN] DbBoards:127 - board NUCLEO-G474RE has no document id list !
2023-11-05 21:04:28,575 [WARN] DbBoards:127 - board NUCLEO-G491RE has no document id list !
2023-11-05 21:04:28,575 [WARN] DbBoards:127 - board NUCLEO-H723ZG has no document id list !
2023-11-05 21:04:28,575 [WARN] DbBoards:127 - board NUCLEO-H743ZI has no document id list !
2023-11-05 21:04:28,575 [WARN] DbBoards:127 - board NUCLEO-H743ZI2 has no document id list !
2023-11-05 21:04:28,575 [WARN] DbBoards:127 - board NUCLEO-H745ZI-Q has no document id list !
2023-11-05 21:04:28,575 [WARN] DbBoards:127 - board NUCLEO-H753ZI has no document id list !
2023-11-05 21:04:28,575 [WARN] DbBoards:127 - board NUCLEO-H755ZI-Q has no document id list !
2023-11-05 21:04:28,575 [WARN] DbBoards:127 - board NUCLEO-H7A3ZI-Q has no document id list !
2023-11-05 21:04:28,575 [WARN] DbBoards:127 - board NUCLEO-L010RB has no document id list !
2023-11-05 21:04:28,575 [WARN] DbBoards:127 - board NUCLEO-L011K4 has no document id list !
2023-11-05 21:04:28,575 [WARN] DbBoards:127 - board NUCLEO-L031K6 has no document id list !
2023-11-05 21:04:28,575 [WARN] DbBoards:127 - board NUCLEO-L053R8 has no document id list !
2023-11-05 21:04:28,580 [WARN] DbBoards:127 - board NUCLEO-L073RZ has no document id list !
2023-11-05 21:04:28,580 [WARN] DbBoards:127 - board NUCLEO-L152RE has no document id list !
2023-11-05 21:04:28,580 [WARN] DbBoards:127 - board NUCLEO-L412KB has no document id list !
2023-11-05 21:04:28,580 [WARN] DbBoards:127 - board NUCLEO-L412RB-P has no document id list !
2023-11-05 21:04:28,580 [WARN] DbBoards:127 - board NUCLEO-L432KC has no document id list !
2023-11-05 21:04:28,580 [WARN] DbBoards:127 - board NUCLEO-L433RC-P has no document id list !
2023-11-05 21:04:28,580 [WARN] DbBoards:127 - board NUCLEO-L452RE has no document id list !
2023-11-05 21:04:28,580 [WARN] DbBoards:127 - board NUCLEO-L452RE-P has no document id list !
2023-11-05 21:04:28,580 [WARN] DbBoards:127 - board NUCLEO-L476RG has no document id list !
2023-11-05 21:04:28,580 [WARN] DbBoards:127 - board NUCLEO-L496ZG has no document id list !
2023-11-05 21:04:28,580 [WARN] DbBoards:127 - board NUCLEO-L496ZG-P has no document id list !
2023-11-05 21:04:28,580 [WARN] DbBoards:127 - board NUCLEO-L4P5ZG has no document id list !
2023-11-05 21:04:28,580 [WARN] DbBoards:127 - board NUCLEO-L4R5ZI has no document id list !
2023-11-05 21:04:28,580 [WARN] DbBoards:127 - board NUCLEO-L4R5ZI-P has no document id list !
2023-11-05 21:04:28,580 [WARN] DbBoards:127 - board NUCLEO-L552ZE-Q has no document id list !
2023-11-05 21:04:28,580 [WARN] DbBoards:127 - board NUCLEO-WB55RG has no document id list !
2023-11-05 21:04:28,580 [WARN] DbBoards:127 - board P-NUCLEO-WB55 has no document id list !
2023-11-05 21:04:28,580 [WARN] DbBoards:127 - board P-NUCLEO-WB55-Nucleo has no document id list !
2023-11-05 21:04:28,580 [WARN] DbBoards:127 - board P-NUCLEO-WB55-USBDongle has no document id list !
2023-11-05 21:04:28,580 [WARN] DbBoards:127 - board STEVAL-BFA001V1B has no document id list !
2023-11-05 21:04:28,580 [WARN] DbBoards:127 - board STEVAL-BFA001V2B has no document id list !
2023-11-05 21:04:28,580 [WARN] DbBoards:127 - board STEVAL-IDP005V1 has no document id list !
2023-11-05 21:04:28,580 [WARN] DbBoards:127 - board STEVAL-IDP005V2 has no document id list !
2023-11-05 21:04:28,580 [WARN] DbBoards:127 - board STEVAL-MKSBOX1V1 has no document id list !
2023-11-05 21:04:28,583 [WARN] DbBoards:127 - board STEVAL-STWINKT1 has no document id list !
2023-11-05 21:04:28,583 [WARN] DbBoards:127 - board STM32072B-EVAL has no document id list !
2023-11-05 21:04:28,583 [WARN] DbBoards:127 - board STM32091C-EVAL has no document id list !
2023-11-05 21:04:28,583 [WARN] DbBoards:127 - board STM32100E-EVAL has no document id list !
2023-11-05 21:04:28,583 [WARN] DbBoards:127 - board STM3210C-EVAL has no document id list !
2023-11-05 21:04:28,583 [WARN] DbBoards:127 - board STM3210E-EVAL has no document id list !
2023-11-05 21:04:28,583 [WARN] DbBoards:127 - board STM3220G-EVAL has no document id list !
2023-11-05 21:04:28,583 [WARN] DbBoards:127 - board STM3221G-EVAL has no document id list !
2023-11-05 21:04:28,583 [WARN] DbBoards:127 - board STM32303C-EVAL has no document id list !
2023-11-05 21:04:28,583 [WARN] DbBoards:127 - board STM32303E-EVAL has no document id list !
2023-11-05 21:04:28,583 [WARN] DbBoards:127 - board STM32373C-EVAL has no document id list !
2023-11-05 21:04:28,583 [WARN] DbBoards:127 - board STM3240G-EVAL has no document id list !
2023-11-05 21:04:28,583 [WARN] DbBoards:127 - board STM3241G-EVAL has no document id list !
2023-11-05 21:04:28,583 [WARN] DbBoards:127 - board STM32429I-EVAL1 has no document id list !
2023-11-05 21:04:28,583 [WARN] DbBoards:127 - board STM32439I-EVAL2 has no document id list !
2023-11-05 21:04:28,583 [WARN] DbBoards:127 - board STM32446E-EVAL has no document id list !
2023-11-05 21:04:28,583 [WARN] DbBoards:127 - board STM32469I-EVAL has no document id list !
2023-11-05 21:04:28,585 [WARN] DbBoards:127 - board STM32479I-EVAL has no document id list !
2023-11-05 21:04:28,585 [WARN] DbBoards:127 - board STM32746G-EVAL2 has no document id list !
2023-11-05 21:04:28,585 [WARN] DbBoards:127 - board STM32756G-EVAL2 has no document id list !
2023-11-05 21:04:28,585 [WARN] DbBoards:127 - board STM32F0308-DISCO has no document id list !
2023-11-05 21:04:28,585 [WARN] DbBoards:127 - board STM32F072B-DISCO has no document id list !
2023-11-05 21:04:28,585 [WARN] DbBoards:127 - board STM32F0DISCOVERY has no document id list !
2023-11-05 21:04:28,585 [WARN] DbBoards:127 - board STM32F3348-DISCO has no document id list !
2023-11-05 21:04:28,585 [WARN] DbBoards:127 - board STM32F3DISCOVERY has no document id list !
2023-11-05 21:04:28,585 [WARN] DbBoards:127 - board STM32F401C-DISCO has no document id list !
2023-11-05 21:04:28,585 [WARN] DbBoards:127 - board STM32F407G-DISC1 has no document id list !
2023-11-05 21:04:28,585 [WARN] DbBoards:127 - board STM32F411E-DISCO has no document id list !
2023-11-05 21:04:28,585 [WARN] DbBoards:127 - board STM32F412G-DISCO has no document id list !
2023-11-05 21:04:28,585 [WARN] DbBoards:127 - board STM32F413H-DISCO has no document id list !
2023-11-05 21:04:28,585 [WARN] DbBoards:127 - board STM32F429I-DISC1 has no document id list !
2023-11-05 21:04:28,585 [WARN] DbBoards:127 - board STM32F469I-DISCO has no document id list !
2023-11-05 21:04:28,585 [WARN] DbBoards:127 - board STM32F723E-DISCO has no document id list !
2023-11-05 21:04:28,585 [WARN] DbBoards:127 - board STM32F7308-DK has no document id list !
2023-11-05 21:04:28,585 [WARN] DbBoards:127 - board STM32F746G-DISCO has no document id list !
2023-11-05 21:04:28,585 [WARN] DbBoards:127 - board STM32F7508-DK has no document id list !
2023-11-05 21:04:28,585 [WARN] DbBoards:127 - board STM32F769I-DISC1 has no document id list !
2023-11-05 21:04:28,585 [WARN] DbBoards:127 - board STM32F769I-DISCO has no document id list !
2023-11-05 21:04:28,585 [WARN] DbBoards:127 - board STM32F769I-EVAL has no document id list !
2023-11-05 21:04:28,585 [WARN] DbBoards:127 - board STM32F779I-EVAL has no document id list !
2023-11-05 21:04:28,585 [WARN] DbBoards:127 - board STM32G0316-DISCO has no document id list !
2023-11-05 21:04:28,585 [WARN] DbBoards:127 - board STM32G071B-DISCO has no document id list !
2023-11-05 21:04:28,585 [WARN] DbBoards:127 - board STM32G081B-EVAL has no document id list !
2023-11-05 21:04:28,585 [WARN] DbBoards:127 - board STM32G474E-EVAL has no document id list !
2023-11-05 21:04:28,585 [WARN] DbBoards:127 - board STM32G474E-EVAL1 has no document id list !
2023-11-05 21:04:28,585 [WARN] DbBoards:127 - board STM32G484E-EVAL has no document id list !
2023-11-05 21:04:28,585 [WARN] DbBoards:127 - board STM32H735G-DK has no document id list !
2023-11-05 21:04:28,585 [WARN] DbBoards:127 - board STM32H743I-EVAL has no document id list !
2023-11-05 21:04:28,585 [WARN] DbBoards:127 - board STM32H743I-EVAL2 has no document id list !
2023-11-05 21:04:28,585 [WARN] DbBoards:127 - board STM32H745I-DISCO has no document id list !
2023-11-05 21:04:28,585 [WARN] DbBoards:127 - board STM32H747I-DISC1 has no document id list !
2023-11-05 21:04:28,585 [WARN] DbBoards:127 - board STM32H747I-DISCO has no document id list !
2023-11-05 21:04:28,585 [WARN] DbBoards:127 - board STM32H747I-EVAL has no document id list !
2023-11-05 21:04:28,585 [WARN] DbBoards:127 - board STM32H750B-DK has no document id list !
2023-11-05 21:04:28,585 [WARN] DbBoards:127 - board STM32H753I-EVAL has no document id list !
2023-11-05 21:04:28,585 [WARN] DbBoards:127 - board STM32H753I-EVAL2 has no document id list !
2023-11-05 21:04:28,585 [WARN] DbBoards:127 - board STM32H757I-EVAL has no document id list !
2023-11-05 21:04:28,585 [WARN] DbBoards:127 - board STM32H7B3I-DK has no document id list !
2023-11-05 21:04:28,585 [WARN] DbBoards:127 - board STM32H7B3I-EVAL has no document id list !
2023-11-05 21:04:28,590 [WARN] DbBoards:127 - board STM32L-DISCOVERY has no document id list !
2023-11-05 21:04:28,590 [WARN] DbBoards:127 - board STM32L0538-DISCO has no document id list !
2023-11-05 21:04:28,590 [WARN] DbBoards:127 - board STM32L073Z-EVAL has no document id list !
2023-11-05 21:04:28,590 [WARN] DbBoards:127 - board STM32L100C-DISCO has no document id list !
2023-11-05 21:04:28,590 [WARN] DbBoards:127 - board STM32L152C-DISCO has no document id list !
2023-11-05 21:04:28,590 [WARN] DbBoards:127 - board STM32L152D-EVAL has no document id list !
2023-11-05 21:04:28,590 [WARN] DbBoards:127 - board STM32L476G-DISCO has no document id list !
2023-11-05 21:04:28,590 [WARN] DbBoards:127 - board STM32L476G-EVAL has no document id list !
2023-11-05 21:04:28,590 [WARN] DbBoards:127 - board STM32L496G-DISCO has no document id list !
2023-11-05 21:04:28,590 [WARN] DbBoards:127 - board STM32L4P5G-DK has no document id list !
2023-11-05 21:04:28,590 [WARN] DbBoards:127 - board STM32L4R9I-DISCO has no document id list !
2023-11-05 21:04:28,590 [WARN] DbBoards:127 - board STM32L4R9I-EVAL has no document id list !
2023-11-05 21:04:28,590 [WARN] DbBoards:127 - board STM32L552E-EV has no document id list !
2023-11-05 21:04:28,590 [WARN] DbBoards:127 - board STM32L562E-DK has no document id list !
2023-11-05 21:04:28,590 [WARN] DbBoards:127 - board STM32MP157A-DK1 has no document id list !
2023-11-05 21:04:28,590 [WARN] DbBoards:127 - board STM32MP157A-EV1 has no document id list !
2023-11-05 21:04:28,590 [WARN] DbBoards:127 - board STM32MP157C-DK2 has no document id list !
2023-11-05 21:04:28,590 [WARN] DbBoards:127 - board STM32MP157C-EV1 has no document id list !
2023-11-05 21:04:28,590 [WARN] DbBoards:127 - board STM32MP157F-EV1 has no document id list !
2023-11-05 21:04:28,590 [WARN] DbBoards:127 - board STM32VLDISCOVERY has no document id list !
2023-11-05 21:04:28,693 [ERROR] DbBoards:192 - No image file URL for board B-L462E-CELL1
2023-11-05 21:04:29,938 [WARN] MainUpdater:1087 - Updater busy. Cannot search thirdparties
2023-11-05 21:04:30,108 [INFO] ApiDb:201 - Load user favorites file C:\Users\vip/.stm32cubeide/favorites.boards.txt: 0 item(s)
2023-11-05 21:04:30,113 [INFO] ApiDb:205 - User favorites Boards=[]
2023-11-05 21:04:30,113 [INFO] DbBoards:206 - Set 0 / 0 favorites Boards
2023-11-05 21:04:30,290 [ERROR] DbBoardsDocs:83 - No boards documents found !
2023-11-05 21:04:30,298 [INFO] ApiDb:226 - Save user favorites file C:\Users\vip/.stm32cubeide/favorites.boards.txt: 0 item(s)
2023-11-05 21:04:30,298 [INFO] ApiDb:230 - User favorites Boards=[]
2023-11-05 21:04:30,300 [INFO] DbBoardsPdsc:94 - Found 23 items
2023-11-05 21:04:30,339 [INFO] DbBoardsPdsc:94 - Found 9 items
2023-11-05 21:04:30,344 [INFO] DbBoardsPdsc:94 - Found 29 items
2023-11-05 21:04:30,344 [INFO] DbBoardsPdsc:94 - Found 1 items
2023-11-05 21:04:30,349 [INFO] DbBoardsPdsc:94 - Found 44 items
2023-11-05 21:04:30,354 [INFO] DbBoardsPdsc:94 - Found 40 items
2023-11-05 21:04:30,359 [INFO] DbBoardsPdsc:94 - Found 2 items
2023-11-05 21:04:30,359 [INFO] DbBoardsPdsc:94 - Found 4 items
2023-11-05 21:04:30,359 [WARN] DbBoardsPdsc:258 - Board STM32H7B3I-DK: unknown feature type=Audio, name=, username=Audio stereo codec with Headphone Amp (CS42L51-CNZ), n=1
2023-11-05 21:04:30,364 [WARN] DbBoardsPdsc:258 - Board STM32H735G-DK: unknown feature type=Audio, name=, username=Audio stereo codec with Headphone Amp (WM8994ECS/R), n=1
2023-11-05 21:04:30,364 [WARN] DbBoardsPdsc:258 - Board STM32H7B3I-EVAL: unknown feature type=Audio, name=, username=Multi-Channel Audio Codec (CS42L51-CNZ), n=1
2023-11-05 21:04:30,364 [WARN] DbBoardsPdsc:258 - Board STM32H7B3I-EVAL: unknown feature type=Meter, name=, username=Power-metering and Temperature-monitoring with sigma-delta modulators, n=1
2023-11-05 21:04:30,364 [WARN] DbBoardsPdsc:258 - Board STM32H7B3I-EVAL: unknown feature type=Motor, name=, username=Motor Control, n=1
2023-11-05 21:04:30,400 [INFO] DbBoardsJson:85 - JSON generation date=Thu Jul 02 15:35:57 EET 2020 (1593696957)
2023-11-05 21:04:30,410 [INFO] DbBoards:117 - Found 152 boards (149 are supported by CubeMX)
2023-11-05 21:04:30,420 [INFO] DbBoardsDocs:145 - JSON generation date=Thu Jul 02 17:47:47 EET 2020 (1593704867)
2023-11-05 21:04:30,440 [INFO] DbBoardsDocs:81 - Found 185 boards documents
2023-11-05 21:04:30,440 [WARN] DbBoards:149 - board B-G474E-DPOW1 / document id not found: 4624
2023-11-05 21:04:30,440 [WARN] DbBoards:149 - board B-G474E-DPOW1 / document id not found: 4625
2023-11-05 21:04:30,440 [WARN] DbBoards:127 - board B-L462E-CELL1 has no document id list !
2023-11-05 21:04:30,440 [WARN] DbBoards:127 - board B-L475E-IOT01A2 has no document id list !
2023-11-05 21:04:30,440 [WARN] DbBoards:127 - board NUCLEO-G491RE has no document id list !
2023-11-05 21:04:30,440 [WARN] DbBoards:127 - board NUCLEO-H723ZG has no document id list !
2023-11-05 21:04:30,440 [WARN] DbBoards:127 - board NUCLEO-H743ZI2 has no document id list !
2023-11-05 21:04:30,440 [WARN] DbBoards:127 - board NUCLEO-WB55RG has no document id list !
2023-11-05 21:04:30,440 [WARN] DbBoards:127 - board P-NUCLEO-WB55-Nucleo has no document id list !
2023-11-05 21:04:30,440 [WARN] DbBoards:127 - board P-NUCLEO-WB55-USBDongle has no document id list !
2023-11-05 21:04:30,440 [WARN] DbBoards:127 - board STEVAL-BFA001V1B has no document id list !
2023-11-05 21:04:30,440 [WARN] DbBoards:127 - board STEVAL-BFA001V2B has no document id list !
2023-11-05 21:04:30,440 [WARN] DbBoards:127 - board STEVAL-IDP005V1 has no document id list !
2023-11-05 21:04:30,440 [WARN] DbBoards:127 - board STEVAL-IDP005V2 has no document id list !
2023-11-05 21:04:30,440 [WARN] DbBoards:127 - board STEVAL-MKSBOX1V1 has no document id list !
2023-11-05 21:04:30,440 [WARN] DbBoards:127 - board STEVAL-STWINKT1 has no document id list !
2023-11-05 21:04:30,445 [WARN] DbBoards:127 - board STM32F401C-DISCO has no document id list !
2023-11-05 21:04:30,445 [WARN] DbBoards:127 - board STM32F769I-DISC1 has no document id list !
2023-11-05 21:04:30,445 [WARN] DbBoards:127 - board STM32G474E-EVAL1 has no document id list !
2023-11-05 21:04:30,445 [WARN] DbBoards:127 - board STM32H735G-DK has no document id list !
2023-11-05 21:04:30,445 [WARN] DbBoards:127 - board STM32H743I-EVAL2 has no document id list !
2023-11-05 21:04:30,445 [WARN] DbBoards:127 - board STM32H747I-DISC1 has no document id list !
2023-11-05 21:04:30,447 [WARN] DbBoards:127 - board STM32H753I-EVAL2 has no document id list !
2023-11-05 21:04:30,447 [WARN] DbBoards:127 - board STM32L-DISCOVERY has no document id list !
2023-11-05 21:04:30,447 [WARN] DbBoards:127 - board STM32MP157A-DK1 has no document id list !
2023-11-05 21:04:30,447 [WARN] DbBoards:127 - board STM32MP157F-EV1 has no document id list !
2023-11-05 21:04:30,480 [ERROR] DbBoards:192 - No image file URL for board B-L462E-CELL1
2023-11-05 21:04:31,119 [INFO] ApiDb:201 - Load user favorites file C:\Users\vip/.stm32cubeide/favorites.boards.txt: 0 item(s)
2023-11-05 21:04:31,119 [INFO] ApiDb:205 - User favorites Boards=[]
2023-11-05 21:04:31,119 [INFO] DbBoards:206 - Set 0 / 0 favorites Boards
2023-11-05 21:04:31,259 [ERROR] MultiScanPanel:793 - Unable to refresh data
2023-11-05 21:04:31,259 [INFO] McuFilterPanel:245 - Update 0 favorites MCUs
2023-11-05 21:04:32,948 [WARN] MainUpdater:1087 - Updater busy. Cannot search thirdparties
2023-11-05 21:04:34,293 [INFO] ServerAccessManage:348 - Download File STMicroelectronics.X-CUBE-NFC6.pdsc
2023-11-05 21:04:35,384 [INFO] ServerAccessManage:348 - Download File STMicroelectronics.X-CUBE-TOUCHGFX.pdsc
2023-11-05 21:04:35,969 [WARN] MainUpdater:1087 - Updater busy. Cannot search thirdparties
2023-11-05 21:04:38,977 [WARN] MainUpdater:1087 - Updater busy. Cannot search thirdparties
2023-11-05 21:04:41,985 [WARN] MainUpdater:1087 - Updater busy. Cannot search thirdparties
2023-11-05 21:04:44,993 [WARN] MainUpdater:1087 - Updater busy. Cannot search thirdparties
2023-11-05 21:04:45,198 [ERROR] ServerAccessManage:954 - Problem, Http access forbiden
2023-11-05 21:04:45,203 [ERROR] ServerAccessManage:517 - Problem, Http access forbiden : RoweBots.I-CUBE-UNISONRTOS.pdsc.
2023-11-05 21:04:47,157 [INFO] ServerAccessManage:348 - Download File ITTIA_DB.I-CUBE-ITTIADB.pdsc
2023-11-05 21:04:47,997 [WARN] MainUpdater:1087 - Updater busy. Cannot search thirdparties
2023-11-05 21:04:51,000 [ERROR] IntegrityCheckThread:67 - Unexpected exception IntegrityCheckThread Thread:
2023-11-05 21:04:51,000 [ERROR] IntegrityCheckThread:70 - java.lang.Exception: Updater error
	at com.st.microxplorer.plugins.thirdparty.engine.IntegrityCheckThread.getUpdaterThirdPartyList(IntegrityCheckThread.java:296)
	at com.st.microxplorer.plugins.thirdparty.engine.IntegrityCheckThread.runProcess(IntegrityCheckThread.java:84)
	at com.st.microxplorer.plugins.thirdparty.engine.IntegrityCheckThread.run(IntegrityCheckThread.java:65)

2023-11-05 21:04:51,000 [INFO] ThirdPartyDb:299 - Save Third Party DataBase File (C:/Users/vip/.stm32cubemx/plugins/thirdparty/db/thirdparties_db.xml) [forced]
2023-11-05 21:04:51,052 [INFO] IntegrityCheckThread:76 - exiting critical section [integrity check]
2023-11-05 21:04:51,052 [INFO] IntegrityCheckThread:79 - End integrity checks thread
2023-11-05 21:04:52,612 [INFO] ServerAccessManage:348 - Download File Infineon.AIROC-Wi-Fi-Bluetooth-STM32.pdsc
2023-11-05 21:04:55,111 [WARN] PopulateThirdPartyThread:96 - Error when creating pack: C:/Users/vip/.stm32cubemx/thirdparties/pdsc/STMicroelectronics.FP-SNS-SMARTAG2.pdsc
2023-11-05 21:04:55,116 [WARN] PopulateThirdPartyThread:96 - Error when creating pack: C:/Users/vip/.stm32cubemx/thirdparties/pdsc/STMicroelectronics.X-CUBE-BLEMGR.pdsc
2023-11-05 21:04:55,156 [INFO] CheckServerUpdateThread:102 - End of CheckServer Thread
2023-11-05 21:04:55,186 [INFO] ThirdPartyDb:299 - Save Third Party DataBase File (C:/Users/vip/.stm32cubemx/plugins/thirdparty/db/thirdparties_db.xml) [forced]
2023-11-05 21:04:55,584 [INFO] ThirdPartyDb:299 - Save Third Party DataBase File (C:/Users/vip/.stm32cubemx/plugins/thirdparty/db/thirdparties_db.xml) [forced]
2023-11-05 21:04:55,629 [INFO] ThirdPartyDb:299 - Save Third Party DataBase File (C:/Users/vip/.stm32cubemx/plugins/thirdparty/db/thirdparties_db.xml) [forced]
2023-11-05 21:04:55,679 [INFO] ThirdPartyDb:299 - Save Third Party DataBase File (C:/Users/vip/.stm32cubemx/plugins/thirdparty/db/thirdparties_db.xml) [forced]
2023-11-05 21:04:55,754 [WARN] PopulateThirdPartyThread:96 - Error when creating pack: C:/Users/vip/.stm32cubemx/thirdparties/pdsc/ITTIA_DB.I-CUBE-ITTIADB.pdsc
2023-11-05 21:04:55,759 [WARN] PopulateThirdPartyThread:96 - Error when creating pack: C:/Users/vip/.stm32cubemx/thirdparties/pdsc/Infineon.AIROC-Wi-Fi-Bluetooth-STM32.pdsc
2023-11-05 21:04:55,759 [INFO] PopulateThirdPartyThread:50 - Ending populate Thread
2023-11-05 21:04:55,759 [INFO] ThirdPartyDb:299 - Save Third Party DataBase File (C:/Users/vip/.stm32cubemx/plugins/thirdparty/db/thirdparties_db.xml) [forced]
2023-11-05 21:04:55,858 [INFO] Engine:289 - softwarePackList size : 47
2023-11-05 21:04:55,865 [INFO] Engine:305 - compute dependency for SwPack FreeRTOS have been done, no update is requested
2023-11-05 21:04:55,865 [INFO] Engine:305 - compute dependency for SwPack lwIP have been done, no update is requested
2023-11-05 21:04:55,865 [INFO] Engine:305 - compute dependency for SwPack lwIP have been done, no update is requested
2023-11-05 21:04:55,865 [INFO] Engine:305 - compute dependency for SwPack MBEDTLS have been done, no update is requested
2023-11-05 21:04:55,865 [INFO] Engine:305 - compute dependency for SwPack MBEDTLS have been done, no update is requested
2023-11-05 21:04:55,865 [INFO] Engine:305 - compute dependency for SwPack PDM2PCM have been done, no update is requested
2023-11-05 21:04:55,865 [INFO] Engine:305 - compute dependency for SwPack PDM2PCM have been done, no update is requested
2023-11-05 21:04:55,865 [INFO] Engine:305 - compute dependency for SwPack PDM2PCM have been done, no update is requested
2023-11-05 21:04:55,880 [INFO] Engine:305 - compute dependency for SwPack USB_DEVICE have been done, no update is requested
2023-11-05 21:04:55,880 [INFO] Engine:305 - compute dependency for SwPack USB_DEVICE have been done, no update is requested
2023-11-05 21:04:55,880 [INFO] Engine:305 - compute dependency for SwPack USB_DEVICE have been done, no update is requested
2023-11-05 21:04:55,885 [INFO] Engine:305 - compute dependency for SwPack USB_HOST have been done, no update is requested
2023-11-05 21:04:55,885 [INFO] Engine:305 - compute dependency for SwPack USB_HOST have been done, no update is requested
2023-11-05 21:04:55,890 [INFO] Engine:301 - compute dependency for SwPack FP-ATR-ASTRA1 have been done, and update is requested
2023-11-05 21:04:55,915 [INFO] Engine:301 - compute dependency for SwPack FP-ATR-SIGFOX1 have been done, and update is requested
2023-11-05 21:04:55,935 [INFO] Engine:301 - compute dependency for SwPack X-CUBE-AI have been done, and update is requested
2023-11-05 21:04:55,960 [INFO] Engine:301 - compute dependency for SwPack X-CUBE-ALS have been done, and update is requested
2023-11-05 21:04:55,983 [INFO] Engine:301 - compute dependency for SwPack X-CUBE-BLE1 have been done, and update is requested
2023-11-05 21:04:56,008 [INFO] Engine:301 - compute dependency for SwPack X-CUBE-BLE2 have been done, and update is requested
2023-11-05 21:04:56,033 [INFO] Engine:301 - compute dependency for SwPack X-CUBE-BLEMGR have been done, and update is requested
2023-11-05 21:04:56,058 [INFO] Engine:301 - compute dependency for SwPack X-CUBE-EEPRMA1 have been done, and update is requested
2023-11-05 21:04:56,075 [INFO] Engine:301 - compute dependency for SwPack X-CUBE-GNSS1 have been done, and update is requested
2023-11-05 21:04:56,090 [INFO] Engine:301 - compute dependency for SwPack X-CUBE-ISPU have been done, and update is requested
2023-11-05 21:04:56,924 [INFO] Engine:301 - compute dependency for SwPack X-CUBE-MEMS1 have been done, and update is requested
2023-11-05 21:04:56,937 [INFO] Engine:301 - compute dependency for SwPack X-CUBE-NFC4 have been done, and update is requested
2023-11-05 21:04:56,947 [INFO] Engine:301 - compute dependency for SwPack X-CUBE-NFC7 have been done, and update is requested
2023-11-05 21:04:56,955 [INFO] Engine:301 - compute dependency for SwPack X-CUBE-SFXS2LP1 have been done, and update is requested
2023-11-05 21:04:56,982 [INFO] Engine:301 - compute dependency for SwPack X-CUBE-SUBG2 have been done, and update is requested
2023-11-05 21:04:56,989 [INFO] Engine:305 - compute dependency for SwPack X-CUBE-TOUCHGFX have been done, no update is requested
2023-11-05 21:04:56,989 [INFO] Engine:301 - compute dependency for SwPack X-CUBE-ALGOBUILD have been done, and update is requested
2023-11-05 21:04:57,002 [INFO] Engine:301 - compute dependency for SwPack X-CUBE-AZRTOS-H7 have been done, and update is requested
2023-11-05 21:04:57,012 [INFO] Engine:301 - compute dependency for SwPack X-CUBE-AZRTOS-F4 have been done, and update is requested
2023-11-05 21:04:57,027 [INFO] Engine:301 - compute dependency for SwPack X-CUBE-AZRTOS-F7 have been done, and update is requested
2023-11-05 21:04:57,037 [INFO] Engine:301 - compute dependency for SwPack X-CUBE-AZRTOS-L4 have been done, and update is requested
2023-11-05 21:04:57,042 [ERROR] DependencyParser:1297 - StateRcvOpen_Cte Bad Token : )
2023-11-05 21:04:57,042 [ERROR] DependencyParser:1297 - StateRcvOpen_Cte Bad Token : )
2023-11-05 21:04:57,042 [ERROR] DependencyParser:1297 - StateRcvOpen_Cte Bad Token : )
2023-11-05 21:04:57,042 [ERROR] DependencyParser:1297 - StateRcvOpen_Cte Bad Token : )
2023-11-05 21:04:57,042 [ERROR] DependencyParser:1297 - StateRcvOpen_Cte Bad Token : )
2023-11-05 21:04:57,042 [ERROR] DependencyParser:1297 - StateRcvOpen_Cte Bad Token : )
2023-11-05 21:04:57,042 [ERROR] DependencyParser:1297 - StateRcvOpen_Cte Bad Token : )
2023-11-05 21:04:57,042 [ERROR] DependencyParser:1297 - StateRcvOpen_Cte Bad Token : )
2023-11-05 21:04:57,042 [ERROR] DependencyParser:1297 - StateRcvOpen_Cte Bad Token : )
2023-11-05 21:04:57,042 [ERROR] DependencyParser:1297 - StateRcvOpen_Cte Bad Token : )
2023-11-05 21:04:57,042 [ERROR] DependencyParser:1297 - StateRcvOpen_Cte Bad Token : )
2023-11-05 21:04:57,042 [ERROR] DependencyParser:1297 - StateRcvOpen_Cte Bad Token : )
2023-11-05 21:04:57,042 [ERROR] DependencyParser:1297 - StateRcvOpen_Cte Bad Token : )
2023-11-05 21:04:57,042 [ERROR] DependencyParser:1297 - StateRcvOpen_Cte Bad Token : )
2023-11-05 21:04:57,042 [ERROR] DependencyParser:1297 - StateRcvOpen_Cte Bad Token : )
2023-11-05 21:04:57,042 [ERROR] DependencyParser:1297 - StateRcvOpen_Cte Bad Token : )
2023-11-05 21:04:57,042 [ERROR] DependencyParser:1297 - StateRcvOpen_Cte Bad Token : )
2023-11-05 21:04:57,042 [ERROR] DependencyParser:1297 - StateRcvOpen_Cte Bad Token : )
2023-11-05 21:04:57,042 [ERROR] DependencyParser:1297 - StateRcvOpen_Cte Bad Token : )
2023-11-05 21:04:57,042 [ERROR] DependencyParser:1297 - StateRcvOpen_Cte Bad Token : )
2023-11-05 21:04:57,042 [ERROR] DependencyParser:1297 - StateRcvOpen_Cte Bad Token : )
2023-11-05 21:04:57,042 [ERROR] DependencyParser:1297 - StateRcvOpen_Cte Bad Token : )
2023-11-05 21:04:57,047 [ERROR] DependencyParser:1297 - StateRcvOpen_Cte Bad Token : )
2023-11-05 21:04:57,047 [ERROR] DependencyParser:1297 - StateRcvOpen_Cte Bad Token : )
2023-11-05 21:04:57,047 [ERROR] DependencyParser:1297 - StateRcvOpen_Cte Bad Token : )
2023-11-05 21:04:57,047 [ERROR] DependencyParser:1297 - StateRcvOpen_Cte Bad Token : )
2023-11-05 21:04:57,047 [ERROR] DependencyParser:1297 - StateRcvOpen_Cte Bad Token : )
2023-11-05 21:04:57,047 [ERROR] DependencyParser:1297 - StateRcvOpen_Cte Bad Token : )
2023-11-05 21:04:57,047 [ERROR] DependencyParser:1297 - StateRcvOpen_Cte Bad Token : )
2023-11-05 21:04:57,047 [ERROR] DependencyParser:1297 - StateRcvOpen_Cte Bad Token : )
2023-11-05 21:04:57,047 [ERROR] DependencyParser:1297 - StateRcvOpen_Cte Bad Token : )
2023-11-05 21:04:57,047 [ERROR] DependencyParser:1297 - StateRcvOpen_Cte Bad Token : )
2023-11-05 21:04:57,047 [ERROR] DependencyParser:1297 - StateRcvOpen_Cte Bad Token : )
2023-11-05 21:04:57,047 [ERROR] DependencyParser:1297 - StateRcvOpen_Cte Bad Token : )
2023-11-05 21:04:57,047 [ERROR] DependencyParser:1297 - StateRcvOpen_Cte Bad Token : )
2023-11-05 21:04:57,047 [ERROR] DependencyParser:1297 - StateRcvOpen_Cte Bad Token : )
2023-11-05 21:04:57,047 [ERROR] DependencyParser:1297 - StateRcvOpen_Cte Bad Token : )
2023-11-05 21:04:57,047 [ERROR] DependencyParser:1297 - StateRcvOpen_Cte Bad Token : )
2023-11-05 21:04:57,047 [ERROR] DependencyParser:1297 - StateRcvOpen_Cte Bad Token : )
2023-11-05 21:04:57,047 [ERROR] DependencyParser:1297 - StateRcvOpen_Cte Bad Token : )
2023-11-05 21:04:57,047 [ERROR] DependencyParser:1297 - StateRcvOpen_Cte Bad Token : )
2023-11-05 21:04:57,047 [ERROR] DependencyParser:1297 - StateRcvOpen_Cte Bad Token : )
2023-11-05 21:04:57,047 [ERROR] DependencyParser:1297 - StateRcvOpen_Cte Bad Token : )
2023-11-05 21:04:57,047 [ERROR] DependencyParser:1297 - StateRcvOpen_Cte Bad Token : )
2023-11-05 21:04:57,047 [ERROR] DependencyParser:1297 - StateRcvOpen_Cte Bad Token : )
2023-11-05 21:04:57,047 [ERROR] DependencyParser:1297 - StateRcvOpen_Cte Bad Token : )
2023-11-05 21:04:57,047 [INFO] Engine:305 - compute dependency for SwPack X-CUBE-AZRTOS-L5 have been done, no update is requested
2023-11-05 21:04:57,052 [INFO] Engine:301 - compute dependency for SwPack X-CUBE-AZRTOS-G0 have been done, and update is requested
2023-11-05 21:04:57,062 [INFO] Engine:301 - compute dependency for SwPack X-CUBE-AZRTOS-G4 have been done, and update is requested
2023-11-05 21:04:57,067 [INFO] Engine:301 - compute dependency for SwPack X-CUBE-AZRTOS-WB have been done, and update is requested
2023-11-05 21:04:57,077 [INFO] Engine:301 - compute dependency for SwPack X-CUBE-AZRTOS-WL have been done, and update is requested
2023-11-05 21:04:57,082 [INFO] Engine:301 - compute dependency for SwPack I-CUBE-wolfSSL have been done, and update is requested
2023-11-05 21:04:57,340 [INFO] Engine:301 - compute dependency for SwPack I-CUBE-embOS have been done, and update is requested
2023-11-05 21:04:57,345 [INFO] Engine:301 - compute dependency for SwPack I-Cube-SoM-uGOAL have been done, and update is requested
2023-11-05 21:04:57,355 [INFO] Engine:301 - compute dependency for SwPack I-CUBE-Cesium have been done, and update is requested
2023-11-05 21:04:57,371 [INFO] Engine:301 - compute dependency for SwPack X-CUBE-EEPRMA1 have been done, and update is requested
2023-11-05 21:04:57,958 [INFO] Engine:301 - compute dependency for SwPack X-CUBE-MEMS1 have been done, and update is requested
2023-11-05 21:04:57,973 [INFO] Engine:301 - compute dependency for SwPack X-CUBE-NFC6 have been done, and update is requested
2023-11-05 21:04:57,978 [INFO] Engine:305 - compute dependency for SwPack X-CUBE-TOUCHGFX have been done, no update is requested
2023-11-05 21:04:57,978 [INFO] ThirdPartyDb:299 - Save Third Party DataBase File (C:/Users/vip/.stm32cubemx/plugins/thirdparty/db/thirdparties_db.xml) [forced]
2023-11-05 21:04:57,998 [INFO] LoadServerUpdatesThread:309 - End of LoadServerUpdate Thread
2023-11-05 21:05:34,552 [INFO] LogOutputStream:76 - [STDOUT_REDIRECT] withoutVersionV1.8.4
2023-11-05 21:05:34,552 [INFO] LogOutputStream:76 - [STDOUT_REDIRECT] withoutVersionV1.8.3
2023-11-05 21:05:34,552 [INFO] LogOutputStream:76 - [STDOUT_REDIRECT] withoutVersionV1.8.2
2023-11-05 21:05:34,552 [INFO] LogOutputStream:76 - [STDOUT_REDIRECT] withoutVersionV1.8.1
2023-11-05 21:05:34,552 [INFO] LogOutputStream:76 - [STDOUT_REDIRECT] withoutVersionV1.8.0
2023-11-05 21:05:40,321 [INFO] ApiDb:226 - Save user favorites file C:\Users\vip/.stm32cubeide/favorites.mcus.txt: 0 item(s)
2023-11-05 21:05:40,321 [INFO] ApiDb:230 - User favorites MCUs=[]
